<?xml version="1.0" encoding="UTF-8"?>
<testsuite xmlns:xsi="http://www.w3.org/2001/XMLSchema-instance" xsi:noNamespaceSchemaLocation="https://maven.apache.org/surefire/maven-surefire-plugin/xsd/surefire-test-report.xsd" name="modulesTesting.service.TasksServiceTest" time="0.021" tests="2" errors="0" skipped="0" failures="0">
  <properties>
[...]
</properties>
  <testcase name="testParseFromStringToSeconds" classname="modulesTesting.service.TasksServiceTest" time="0.021"/>
  <testcase name="testgetIntervalInHours" classname="modulesTesting.service.TasksServiceTest" time="0"/>
</testsuite>